03/24/2025 10:05:53: Problem = Wing_forcfd2 v7
03/24/2025 10:05:53: Run = 100553
03/24/2025 10:05:53: Operation = surf/volm
03/24/2025 10:06:03: Processing loadings.
03/24/2025 10:06:03: Ready
03/24/2025 10:06:03: No change. Total selected 0
03/24/2025 10:06:03: Ready
03/24/2025 10:06:03: Processing solveroptions.
03/24/2025 10:06:03: Ready
03/24/2025 10:06:03: No change. Total selected 0
03/24/2025 10:06:03: Ready
03/24/2025 10:06:03: Processing meshcontrols.
03/24/2025 10:06:03: Ready
03/24/2025 10:06:03: 1 meshcontrol added. Total selected 1
03/24/2025 10:06:03: Processing meshcontrols.
03/24/2025 10:06:03: Ready
03/24/2025 10:06:03: 1 meshcontrol added. Total selected 2
03/24/2025 10:06:03: Processing meshcontrols.
03/24/2025 10:06:03: Ready
03/24/2025 10:06:03: 1 meshcontrol added. Total selected 3
03/24/2025 10:06:03: Processing meshcontrols.
03/24/2025 10:06:03: Ready
03/24/2025 10:06:03: 1 meshcontrol added. Total selected 4
03/24/2025 10:06:03: Processing meshcontrols.
03/24/2025 10:06:03: Ready
03/24/2025 10:06:03: 1 meshcontrol added. Total selected 5
03/24/2025 10:06:03: Processing meshcontrols.
03/24/2025 10:06:03: Ready
03/24/2025 10:06:03: 1 meshcontrol added. Total selected 6
03/24/2025 10:06:03: Ready
03/24/2025 10:06:03: Deleting selected data.
03/24/2025 10:06:03: Ready
03/24/2025 10:06:03: 6 entities were deleted.
03/24/2025 10:06:03: Ready
03/24/2025 10:06:03: Surface Mesh Begin
03/24/2025 10:06:03: Deleting selected data.
03/24/2025 10:06:03: Ready
03/24/2025 10:06:03: Deleted  1 comp
03/24/2025 10:06:03: Processing components.
03/24/2025 10:06:03: Ready
03/24/2025 10:06:03: No change. Total selected 0
03/24/2025 10:06:03: Ready
03/24/2025 10:06:03: Reorganizing the database.
03/24/2025 10:06:03: Ready
03/24/2025 10:06:03: Processing meshcontrols.
03/24/2025 10:06:03: Ready
03/24/2025 10:06:03: 1 meshcontrol added. Total selected 1
03/24/2025 10:06:03: Processing meshcontrols.
03/24/2025 10:06:03: Ready
03/24/2025 10:06:03: No change. Total selected 1
03/24/2025 10:06:03: Processing meshcontrols.
03/24/2025 10:06:03: Ready
03/24/2025 10:06:03: 1 meshcontrol added. Total selected 1
03/24/2025 10:06:03: Ready
03/24/2025 10:06:03: Processing meshcontrols.
03/24/2025 10:06:03: Ready
03/24/2025 10:06:03: 1 meshcontrol added. Total selected 1
03/24/2025 10:06:03: Processing meshcontrols.
03/24/2025 10:06:03: Ready
03/24/2025 10:06:03: 1 meshcontrol added. Total selected 2
03/24/2025 10:06:03: Ready
03/24/2025 10:06:03: Reading mesh controls...
03/24/2025 10:06:03: 1 model controls, 0 local controls, 0 feature controls and 1 refinement controls detected.
03/24/2025 10:06:03: Prepare auto meshing...
03/24/2025 10:06:03: Start auto meshing...
03/24/2025 10:06:03: Start meshing 41 surfaces...
03/24/2025 10:06:03: triangle mesh adaptive: initial setup...
03/24/2025 10:06:03: triangle mesh adaptive: glue duplicate nodes...
03/24/2025 10:06:03: triangle mesh adaptive: mesh size smoothing...
03/24/2025 10:06:03: triangle mesh adaptive: DB updating...
03/24/2025 10:06:03: triangle mesh adaptive: Complete
03/24/2025 10:06:03: Ready
03/24/2025 10:06:03: Surface Mesh End
03/24/2025 10:06:03: Processing sets.
03/24/2025 10:06:03: Ready
03/24/2025 10:06:03: Processing sets.
03/24/2025 10:06:03: Ready
03/24/2025 10:06:03: No change. Total selected 0
03/24/2025 10:06:03: Processing elements.
03/24/2025 10:06:03: Ready
03/24/2025 10:06:03: 111874 elements added. Total selected 111874
03/24/2025 10:06:03: Processing elements.
03/24/2025 10:06:03: Ready
03/24/2025 10:06:03: Model checking started ...
03/24/2025 10:06:03: processing: 100 percent left...
03/24/2025 10:06:03: Checking shell intersection/proximity/sharp_angle/duplicate.
03/24/2025 10:06:03: The mesh is OK for tetramesh.
03/24/2025 10:06:03: 111874 elems: x=0 pairs, prx=0 @ 2e-06, angle=0 @ 0.5, dups=0 on 0
03/24/2025 10:06:03: Surface Mesh Validated
03/24/2025 10:06:03: Volume Mesh Begin
03/24/2025 10:06:03: Ready
03/24/2025 10:06:03: Processing regions.
03/24/2025 10:06:03: Ready
03/24/2025 10:06:03: 53 regions added. Total selected 53
03/24/2025 10:06:03: Ready
03/24/2025 10:06:03: Processing meshcontrols.
03/24/2025 10:06:03: Ready
03/24/2025 10:06:03: 2 meshcontrols added. Total selected 2
03/24/2025 10:06:03: Processing meshcontrols.
03/24/2025 10:06:03: Ready
03/24/2025 10:06:03: 2 meshcontrols added. Total selected 4
03/24/2025 10:06:03: Processing meshcontrols.
03/24/2025 10:06:03: Ready
03/24/2025 10:06:03: 1 meshcontrol added. Total selected 1
03/24/2025 10:06:03: Ready
03/24/2025 10:06:03: Processing meshcontrols.
03/24/2025 10:06:03: Ready
03/24/2025 10:06:03: 1 meshcontrol added. Total selected 1
03/24/2025 10:06:03: Processing meshcontrols.
03/24/2025 10:06:03: Ready
03/24/2025 10:06:03: 1 meshcontrol added. Total selected 5
03/24/2025 10:06:03: Ready
03/24/2025 10:06:03: MC warning: No seeds for fluid volumes selected, all are solids.
03/24/2025 10:06:03: Warning: 4 mesh ctrls in effect, 1 ignored for no-selection or ill-defined.(activeOnly=0).
03/24/2025 10:06:03: Meshing started ...
03/24/2025 10:06:03: processing: 100 percent left...
03/24/2025 10:06:03: Mesh saved to 'C:\Users\child\AppData\Local\Temp/gfx_files_primaryModel_0_31476/cfd_mesh.hmg' in the work dir.
03/24/2025 10:06:03: global input not found.
03/24/2025 10:06:03: Volume Mesh Failed
