03/24/2025 09:59:46: Problem = Wing_forcfd2 v7
03/24/2025 09:59:46: Run = 095946
03/24/2025 09:59:46: Operation = surf/volm
03/24/2025 10:01:52: Surface Mesh Begin
03/24/2025 10:01:52: Surface Mesh End
03/24/2025 10:01:52: The mesh is OK for tetramesh.
03/24/2025 10:01:52: 167338 elems: x=0 pairs, prx=0 @ 2e-06, angle=0 @ 0.5, dups=0 on 0
03/24/2025 10:01:52: Surface Mesh Validated
03/24/2025 10:01:52: Volume Mesh Begin
03/24/2025 10:01:52: Ready
03/24/2025 10:01:52: Processing regions.
03/24/2025 10:01:52: Ready
03/24/2025 10:01:52: 54 regions added. Total selected 54
03/24/2025 10:01:52: Ready
03/24/2025 10:01:52: Processing meshcontrols.
03/24/2025 10:01:52: Ready
03/24/2025 10:01:52: 2 meshcontrols added. Total selected 2
03/24/2025 10:01:52: Processing meshcontrols.
03/24/2025 10:01:52: Ready
03/24/2025 10:01:52: 2 meshcontrols added. Total selected 4
03/24/2025 10:01:52: Processing meshcontrols.
03/24/2025 10:01:52: Ready
03/24/2025 10:01:52: 1 meshcontrol added. Total selected 1
03/24/2025 10:01:52: Ready
03/24/2025 10:01:52: Processing meshcontrols.
03/24/2025 10:01:52: Ready
03/24/2025 10:01:52: 1 meshcontrol added. Total selected 1
03/24/2025 10:01:52: Processing meshcontrols.
03/24/2025 10:01:52: Ready
03/24/2025 10:01:52: 1 meshcontrol added. Total selected 5
03/24/2025 10:01:52: Ready
03/24/2025 10:01:52: Meshing started ...
03/24/2025 10:01:52: processing: 100 percent left...
03/24/2025 10:01:52: 1/1 volumes marked as fluid. 0 skipped
03/24/2025 10:01:52: Remesh shell counting ...
03/24/2025 10:01:52: Remesh 23699+-21594 shell elems...
03/24/2025 10:01:52: Triangle optimization: 4625 elems...
03/24/2025 10:01:52: Remesh 2105 shell elems done.
03/24/2025 10:01:52: Meshing 1(fluid)+0(solid)+0(skip)=1 volumes bounded by 41 shell elem regions.
03/24/2025 10:01:52: meshing: 2d elems=169780, vol=8, face angle: min=360@elem(-1,-1),max=0 (0)...
03/24/2025 10:01:52: processing: 97 percent left...
03/24/2025 10:01:52: processing: 0 percent left...
03/24/2025 10:01:52: 169780 elems: x=0 pairs, prx=0 @ 1.99957e-06, angle=0 @ 0.5, dups=0 on 0
03/24/2025 10:01:52: Boundary layering started ...
03/24/2025 10:01:52: Init offseter.
03/24/2025 10:01:52: Offsetting mesh: 10 threads/ 12 cores...
03/24/2025 10:01:52: Base: min vis=8.61(hmn=80175) [saddle 12.7(hmn=82879)]/5 deg.
03/24/2025 10:01:52: Layer 1: min vis=8.61(hmn=80175,ni=40918) [saddle 12.7(hmn=82879)] deg.
03/24/2025 10:01:52: Layer 1:(squeezable) max r=0.16   n=36452() it=4.27/36/100 t1/10(len=7219) bdrr=1
03/24/2025 10:01:52: Layer 1:(squeezable) max r=0.054  n=9358() it=8.88/71/100 t10/10(len=1551) bdrr=1
03/24/2025 10:01:52: max r=0.054  n=9358() it=8.88/71/100 t10/10(len=1551) bdrr=1
03/24/2025 10:01:52: Layer 2: min vis=22.2(hmn=82879,ni=58058)/5 deg (saddle).
03/24/2025 10:01:52: Layer 2:(squeezable) max r=0.42   n=68169() it=5.12/35/100 t1/10(len=7220) bdrr=1
03/24/2025 10:01:52: Layer 2:(squeezable) max r=0.048  n=2360() it=9.64/78/100 t10/10(len=1589) bdrr=1
03/24/2025 10:01:52: max r=0.048  n=2360() it=9.64/78/100 t10/10(len=1589) bdrr=1
03/24/2025 10:01:52: Layer 3: min vis=33.4(hmn=82879,ni=58058)/5 deg (saddle).
03/24/2025 10:01:52: Layer 3:(squeezable) max r=0.7    n=20360() it=5.26/36/100 t10/10(len=7217) bdrr=1
03/24/2025 10:01:52: Layer 3:(squeezable) max r=0.048  n=16159() it=9.41/72/100 t4/10(len=1707) bdrr=1
03/24/2025 10:01:52: max r=0.048  n=16159() it=9.41/72/100 t4/10(len=1707) bdrr=1
03/24/2025 10:01:52: Layer 4: min vis=34.4(hmn=82325,ni=11141)/5 deg (saddle).
03/24/2025 10:01:52: Layer 4:(squeezable) max r=0.3    n=20360() it=4.51/50/100 t10/10(len=779) bdrr=1
03/24/2025 10:01:52: max r=0.3    n=20360() it=4.51/50/100 t10/10(len=779) bdrr=1
03/24/2025 10:01:52: Layer 5: min vis=24.8(hmn=82325,ni=11141)/5 deg (saddle).
03/24/2025 10:01:52: Layer 5:(squeezable) max r=0.73   n=46482() it=5.17/55/100 t10/10(len=968) bdrr=1
03/24/2025 10:01:52: max r=0.73   n=46482() it=5.17/55/100 t10/10(len=968) bdrr=1
03/24/2025 10:01:52: Layer 6: min vis=15.8(hmn=82325,ni=11141)/5 deg (saddle).
03/24/2025 10:01:52: Layer 6:(squeezable) max r=6      n=24485() it=5.04/56/100 t1/10(len=1142) bdrr=1
03/24/2025 10:01:52: max r=6      n=24485() it=5.04/56/100 t1/10(len=1142) bdrr=1
03/24/2025 10:01:52: Layer 7:(act=0.999) min vis=12(hmn=62656,ni=67004) [saddle 14.9(hmn=82325)] deg.
03/24/2025 10:01:52: Layer 7:(squeezable) max r=2.3    n=52986() it=4.73/68/100 t5/10(len=1219) bdrr=1
03/24/2025 10:01:52: max r=2.3    n=52986() it=4.73/68/100 t5/10(len=1219) bdrr=1
03/24/2025 10:01:52: Layer 8:(act=0.999) min vis=12.6(hmn=57508,ni=58945) [saddle 25.2(hmn=83337)] deg.
03/24/2025 10:01:52: 5/143639(x8 layers) input BL elems fully collapsed.
03/24/2025 10:01:52: processing: 55 percent left...
03/24/2025 10:01:52: iter=0 BL: Removed elems: 1(jcb),0(top),0(warp@45) touched=0
03/24/2025 10:01:52: Check top self-intersections. iters=0...
03/24/2025 10:01:52: 0 top self-intersections found and resolved in 0 iterations.
03/24/2025 10:01:52: processing: 76 percent left...
03/24/2025 10:01:52: 0 well wall (BL side) elems created.
03/24/2025 10:01:52: processing: 97 percent left...
03/24/2025 10:01:52: processing: 0 percent left...
03/24/2025 10:01:52: Start tetra core meshing...
03/24/2025 10:01:52: discarding invalid source nodes...
03/24/2025 10:01:52: Boundary recovery started ...
03/24/2025 10:01:52: processing: 85 percent left...
03/24/2025 10:01:52: Refinement started ...
03/24/2025 10:01:52: Current #cells: 253160 ...
03/24/2025 10:01:52: Current #cells: 453170 ...
03/24/2025 10:01:52: Current #cells: 653180 ...
03/24/2025 10:01:52: Current #cells: 853234 ...
03/24/2025 10:01:52: Current #cells: 1053437 ...
03/24/2025 10:01:52: Current #cells: 1253443 ...
03/24/2025 10:01:52: Current #cells: 1453471 ...
03/24/2025 10:01:52: Current #cells: 1653487 ...
03/24/2025 10:01:52: Current #cells: 1853497 ...
03/24/2025 10:01:52: Current #cells: 2053602 ...
03/24/2025 10:01:52: Current #cells: 2253661 ...
03/24/2025 10:01:52: Current #cells: 2453705 ...
03/24/2025 10:01:52: Current #cells: 2540046 ...
03/24/2025 10:01:52: processing: 70 percent left...
03/24/2025 10:01:52: Optimization started ...
03/24/2025 10:01:52: Current #Nodes, #Elements   =    581551,   2529419 ...
03/24/2025 10:01:52: Current #Nodes, #Elements   =    581551,   2381548 ...
03/24/2025 10:01:52: Current #Nodes, #Elements   =    581551,   2381100 ...
03/24/2025 10:01:52: processing: 55 percent left...
03/24/2025 10:01:52: Writing to user db ...
03/24/2025 10:01:52: processing: 95 percent left...
03/24/2025 10:01:52: Creating subcase 1 for layers distribution.
03/24/2025 10:01:52: Creating subcase 2 for total_thickness distribution.
03/24/2025 10:01:52: Creating subcase 3 for first_thickness distribution.
03/24/2025 10:01:52: Generating results file 'HypMeshCFD1.hm.bl_distrs.txt' for BL distrs...
03/24/2025 10:01:52: Mesh saved to 'C:\Users\child\AppData\Local\Temp/gfx_files_primaryModel_0_31476/cfd_mesh.hmg' in the work dir.
03/24/2025 10:01:52: Ready
03/24/2025 10:01:52: Importing hmg file
03/24/2025 10:01:52: Ready
03/24/2025 10:01:52: Moving selected entities...
03/24/2025 10:01:52: Ready
03/24/2025 10:01:52: 1 entities moved to the selected part.
03/24/2025 10:01:52: Ready
03/24/2025 10:01:52: Reorganizing the database.
03/24/2025 10:01:52: Ready
03/24/2025 10:01:52: Volume Mesh End
03/24/2025 10:01:52: 
