03/24/2025 10:08:02: Problem = Wing_forcfd2 v7
03/24/2025 10:08:02: Run = 100802
03/24/2025 10:08:02: Operation = surf/volm
03/24/2025 10:08:10: Processing loadings.
03/24/2025 10:08:10: Ready
03/24/2025 10:08:10: No change. Total selected 0
03/24/2025 10:08:10: Ready
03/24/2025 10:08:10: Processing solveroptions.
03/24/2025 10:08:10: Ready
03/24/2025 10:08:10: No change. Total selected 0
03/24/2025 10:08:10: Ready
03/24/2025 10:08:10: Processing meshcontrols.
03/24/2025 10:08:10: Ready
03/24/2025 10:08:10: 1 meshcontrol added. Total selected 1
03/24/2025 10:08:10: Processing meshcontrols.
03/24/2025 10:08:10: Ready
03/24/2025 10:08:10: 1 meshcontrol added. Total selected 2
03/24/2025 10:08:10: Processing meshcontrols.
03/24/2025 10:08:10: Ready
03/24/2025 10:08:10: 1 meshcontrol added. Total selected 3
03/24/2025 10:08:10: Processing meshcontrols.
03/24/2025 10:08:10: Ready
03/24/2025 10:08:10: 1 meshcontrol added. Total selected 4
03/24/2025 10:08:10: Processing meshcontrols.
03/24/2025 10:08:10: Ready
03/24/2025 10:08:10: 1 meshcontrol added. Total selected 5
03/24/2025 10:08:10: Ready
03/24/2025 10:08:10: Deleting selected data.
03/24/2025 10:08:10: Ready
03/24/2025 10:08:10: 5 entities were deleted.
03/24/2025 10:08:10: Ready
03/24/2025 10:08:10: Surface Mesh Begin
03/24/2025 10:08:10: Processing components.
03/24/2025 10:08:10: Ready
03/24/2025 10:08:10: No change. Total selected 0
03/24/2025 10:08:10: Ready
03/24/2025 10:08:10: Reorganizing the database.
03/24/2025 10:08:10: Ready
03/24/2025 10:08:10: Processing meshcontrols.
03/24/2025 10:08:10: Ready
03/24/2025 10:08:10: 1 meshcontrol added. Total selected 1
03/24/2025 10:08:10: Processing meshcontrols.
03/24/2025 10:08:10: Ready
03/24/2025 10:08:10: No change. Total selected 1
03/24/2025 10:08:10: Processing meshcontrols.
03/24/2025 10:08:10: Ready
03/24/2025 10:08:10: 1 meshcontrol added. Total selected 1
03/24/2025 10:08:10: Ready
03/24/2025 10:08:10: Processing meshcontrols.
03/24/2025 10:08:10: Ready
03/24/2025 10:08:10: 1 meshcontrol added. Total selected 1
03/24/2025 10:08:10: Processing meshcontrols.
03/24/2025 10:08:10: Ready
03/24/2025 10:08:10: 1 meshcontrol added. Total selected 2
03/24/2025 10:08:10: Ready
03/24/2025 10:08:10: Reading mesh controls...
03/24/2025 10:08:10: 1 model controls, 0 local controls, 0 feature controls and 1 refinement controls detected.
03/24/2025 10:08:10: Prepare auto meshing...
03/24/2025 10:08:10: Start auto meshing...
03/24/2025 10:08:10: Start meshing 41 surfaces...
03/24/2025 10:08:10: triangle mesh adaptive: initial setup...
03/24/2025 10:08:10: triangle mesh adaptive: glue duplicate nodes...
03/24/2025 10:08:10: triangle mesh adaptive: mesh size smoothing...
03/24/2025 10:08:10: triangle mesh adaptive: DB updating...
03/24/2025 10:08:10: triangle mesh adaptive: Complete
03/24/2025 10:08:10: Ready
03/24/2025 10:08:10: Surface Mesh End
03/24/2025 10:08:10: Processing sets.
03/24/2025 10:08:10: Ready
03/24/2025 10:08:10: Processing sets.
03/24/2025 10:08:10: Ready
03/24/2025 10:08:10: No change. Total selected 0
03/24/2025 10:08:10: Processing elements.
03/24/2025 10:08:10: Ready
03/24/2025 10:08:10: 112826 elements added. Total selected 112826
03/24/2025 10:08:10: Processing elements.
03/24/2025 10:08:10: Ready
03/24/2025 10:08:10: Model checking started ...
03/24/2025 10:08:10: processing: 100 percent left...
03/24/2025 10:08:10: Checking shell intersection/proximity/sharp_angle/duplicate.
03/24/2025 10:08:10: The mesh is OK for tetramesh.
03/24/2025 10:08:10: 112826 elems: x=0 pairs, prx=0 @ 2e-06, angle=0 @ 0.5, dups=0 on 0
03/24/2025 10:08:10: Surface Mesh Validated
03/24/2025 10:08:10: Volume Mesh Begin
03/24/2025 10:08:10: Ready
03/24/2025 10:08:10: Processing regions.
03/24/2025 10:08:10: Ready
03/24/2025 10:08:10: 52 regions added. Total selected 52
03/24/2025 10:08:10: Ready
03/24/2025 10:08:10: Processing meshcontrols.
03/24/2025 10:08:10: Ready
03/24/2025 10:08:10: 2 meshcontrols added. Total selected 2
03/24/2025 10:08:10: Processing meshcontrols.
03/24/2025 10:08:10: Ready
03/24/2025 10:08:10: 1 meshcontrol added. Total selected 3
03/24/2025 10:08:10: Processing meshcontrols.
03/24/2025 10:08:10: Ready
03/24/2025 10:08:10: 1 meshcontrol added. Total selected 1
03/24/2025 10:08:10: Ready
03/24/2025 10:08:10: Processing meshcontrols.
03/24/2025 10:08:10: Ready
03/24/2025 10:08:10: 1 meshcontrol added. Total selected 1
03/24/2025 10:08:10: Processing meshcontrols.
03/24/2025 10:08:10: Ready
03/24/2025 10:08:10: 1 meshcontrol added. Total selected 4
03/24/2025 10:08:10: Ready
03/24/2025 10:08:10: MC warning: No seeds for fluid volumes selected, all are solids.
03/24/2025 10:08:10: Warning: 3 mesh ctrls in effect, 1 ignored for no-selection or ill-defined.(activeOnly=0).
03/24/2025 10:08:10: Meshing started ...
03/24/2025 10:08:10: processing: 100 percent left...
03/24/2025 10:08:10: Mesh saved to 'C:\Users\child\AppData\Local\Temp/gfx_files_primaryModel_0_31476/cfd_mesh.hmg' in the work dir.
03/24/2025 10:08:10: global input not found.
03/24/2025 10:08:10: Volume Mesh Failed
