03/24/2025 10:16:17: Problem = Wing_forcfd2 v7
03/24/2025 10:16:17: Run = 101617
03/24/2025 10:16:17: Operation = surf/volm
03/24/2025 10:16:21: Processing loadings.
03/24/2025 10:16:21: Ready
03/24/2025 10:16:21: No change. Total selected 0
03/24/2025 10:16:21: Ready
03/24/2025 10:16:21: Processing solveroptions.
03/24/2025 10:16:21: Ready
03/24/2025 10:16:21: No change. Total selected 0
03/24/2025 10:16:21: Ready
03/24/2025 10:16:21: Processing meshcontrols.
03/24/2025 10:16:21: Ready
03/24/2025 10:16:21: 1 meshcontrol added. Total selected 1
03/24/2025 10:16:21: Processing meshcontrols.
03/24/2025 10:16:21: Ready
03/24/2025 10:16:21: 1 meshcontrol added. Total selected 2
03/24/2025 10:16:21: Processing meshcontrols.
03/24/2025 10:16:21: Ready
03/24/2025 10:16:21: 1 meshcontrol added. Total selected 3
03/24/2025 10:16:21: Ready
03/24/2025 10:16:21: Deleting selected data.
03/24/2025 10:16:21: Ready
03/24/2025 10:16:21: 3 entities were deleted.
03/24/2025 10:16:21: Ready
03/24/2025 10:16:21: Surface Mesh Begin
03/24/2025 10:16:21: Processing components.
03/24/2025 10:16:21: Ready
03/24/2025 10:16:21: No change. Total selected 0
03/24/2025 10:16:21: Ready
03/24/2025 10:16:21: Reorganizing the database.
03/24/2025 10:16:21: Ready
03/24/2025 10:16:21: Processing meshcontrols.
03/24/2025 10:16:21: Ready
03/24/2025 10:16:21: 1 meshcontrol added. Total selected 1
03/24/2025 10:16:21: Processing meshcontrols.
03/24/2025 10:16:21: Ready
03/24/2025 10:16:21: 1 meshcontrol added. Total selected 2
03/24/2025 10:16:21: Processing meshcontrols.
03/24/2025 10:16:21: Ready
03/24/2025 10:16:21: No change. Total selected 0
03/24/2025 10:16:21: Ready
03/24/2025 10:16:21: Processing meshcontrols.
03/24/2025 10:16:21: Ready
03/24/2025 10:16:21: Reading mesh controls...
03/24/2025 10:16:21: 1 model controls, 1 local controls, 0 feature controls and 0 refinement controls detected.
03/24/2025 10:16:21: Prepare auto meshing...
03/24/2025 10:16:21: Start auto meshing...
03/24/2025 10:16:21: Start meshing 41 surfaces...
03/24/2025 10:16:21: triangle mesh adaptive: initial setup...
03/24/2025 10:16:21: triangle mesh adaptive: glue duplicate nodes...
03/24/2025 10:16:21: triangle mesh adaptive: mesh size smoothing...
03/24/2025 10:16:21: triangle mesh adaptive: DB updating...
03/24/2025 10:16:21: triangle mesh adaptive: Complete
03/24/2025 10:16:21: Ready
03/24/2025 10:16:21: Surface Mesh End
03/24/2025 10:16:21: Processing sets.
03/24/2025 10:16:21: Ready
03/24/2025 10:16:21: Processing sets.
03/24/2025 10:16:21: Ready
03/24/2025 10:16:21: No change. Total selected 0
03/24/2025 10:16:21: Processing elements.
03/24/2025 10:16:21: Ready
03/24/2025 10:16:21: 55976 elements added. Total selected 55976
03/24/2025 10:16:21: Processing elements.
03/24/2025 10:16:21: Ready
03/24/2025 10:16:21: Model checking started ...
03/24/2025 10:16:21: processing: 100 percent left...
03/24/2025 10:16:21: Checking shell intersection/proximity/sharp_angle/duplicate.
03/24/2025 10:16:21: The mesh is OK for tetramesh.
03/24/2025 10:16:21: 55976 elems: x=0 pairs, prx=0 @ 2e-06, angle=0 @ 0.5, dups=0 on 0
03/24/2025 10:16:21: Surface Mesh Validated
03/24/2025 10:16:21: Volume Mesh Begin
03/24/2025 10:16:21: Ready
03/24/2025 10:16:21: Processing regions.
03/24/2025 10:16:21: Ready
03/24/2025 10:16:21: 52 regions added. Total selected 52
03/24/2025 10:16:21: Ready
03/24/2025 10:16:21: Processing meshcontrols.
03/24/2025 10:16:21: Ready
03/24/2025 10:16:21: 2 meshcontrols added. Total selected 2
03/24/2025 10:16:21: Processing meshcontrols.
03/24/2025 10:16:21: Ready
03/24/2025 10:16:21: No change. Total selected 2
03/24/2025 10:16:21: Processing meshcontrols.
03/24/2025 10:16:21: Ready
03/24/2025 10:16:21: No change. Total selected 0
03/24/2025 10:16:21: Ready
03/24/2025 10:16:21: Processing meshcontrols.
03/24/2025 10:16:21: Ready
03/24/2025 10:16:21: MC warning: No seeds for fluid volumes selected, all are solids.
03/24/2025 10:16:21: Warning: 1 mesh ctrls in effect, 1 ignored for no-selection or ill-defined.(activeOnly=0).
03/24/2025 10:16:21: Mesh saved to 'C:\Users\child\AppData\Local\Temp/gfx_files_primaryModel_0_31476/cfd_mesh.hmg' in the work dir.
03/24/2025 10:16:21: boundaries not selected
03/24/2025 10:16:21: Volume Mesh Failed
