03/24/2025 10:21:01: Problem = Wing_forcfd2 v7
03/24/2025 10:21:01: Run = 102101
03/24/2025 10:21:01: Operation = surf/volm
03/24/2025 10:21:09: Processing loadings.
03/24/2025 10:21:09: Ready
03/24/2025 10:21:09: No change. Total selected 0
03/24/2025 10:21:09: Ready
03/24/2025 10:21:09: Processing solveroptions.
03/24/2025 10:21:09: Ready
03/24/2025 10:21:09: No change. Total selected 0
03/24/2025 10:21:09: Ready
03/24/2025 10:21:09: Processing meshcontrols.
03/24/2025 10:21:09: Ready
03/24/2025 10:21:09: 1 meshcontrol added. Total selected 1
03/24/2025 10:21:09: Processing meshcontrols.
03/24/2025 10:21:09: Ready
03/24/2025 10:21:09: 1 meshcontrol added. Total selected 2
03/24/2025 10:21:09: Processing meshcontrols.
03/24/2025 10:21:09: Ready
03/24/2025 10:21:09: 1 meshcontrol added. Total selected 3
03/24/2025 10:21:09: Processing meshcontrols.
03/24/2025 10:21:09: Ready
03/24/2025 10:21:09: 1 meshcontrol added. Total selected 4
03/24/2025 10:21:09: Processing meshcontrols.
03/24/2025 10:21:09: Ready
03/24/2025 10:21:09: 1 meshcontrol added. Total selected 5
03/24/2025 10:21:09: Ready
03/24/2025 10:21:09: Deleting selected data.
03/24/2025 10:21:09: Ready
03/24/2025 10:21:09: 5 entities were deleted.
03/24/2025 10:21:09: Ready
03/24/2025 10:21:09: Surface Mesh Begin
03/24/2025 10:21:09: Processing components.
03/24/2025 10:21:09: Ready
03/24/2025 10:21:09: No change. Total selected 0
03/24/2025 10:21:09: Ready
03/24/2025 10:21:09: Reorganizing the database.
03/24/2025 10:21:09: Ready
03/24/2025 10:21:09: Processing meshcontrols.
03/24/2025 10:21:09: Ready
03/24/2025 10:21:09: 1 meshcontrol added. Total selected 1
03/24/2025 10:21:09: Processing meshcontrols.
03/24/2025 10:21:09: Ready
03/24/2025 10:21:09: No change. Total selected 1
03/24/2025 10:21:09: Processing meshcontrols.
03/24/2025 10:21:09: Ready
03/24/2025 10:21:09: 1 meshcontrol added. Total selected 1
03/24/2025 10:21:09: Ready
03/24/2025 10:21:09: Processing meshcontrols.
03/24/2025 10:21:09: Ready
03/24/2025 10:21:09: 1 meshcontrol added. Total selected 1
03/24/2025 10:21:09: Processing meshcontrols.
03/24/2025 10:21:09: Ready
03/24/2025 10:21:09: 1 meshcontrol added. Total selected 2
03/24/2025 10:21:09: Ready
03/24/2025 10:21:09: Reading mesh controls...
03/24/2025 10:21:09: 1 model controls, 0 local controls, 0 feature controls and 1 refinement controls detected.
03/24/2025 10:21:09: Prepare auto meshing...
03/24/2025 10:21:09: Start auto meshing...
03/24/2025 10:21:09: Start meshing 41 surfaces...
03/24/2025 10:21:09: triangle mesh adaptive: initial setup...
03/24/2025 10:21:09: triangle mesh adaptive: glue duplicate nodes...
03/24/2025 10:21:09: triangle mesh adaptive: mesh size smoothing...
03/24/2025 10:21:09: triangle mesh adaptive: DB updating...
03/24/2025 10:21:09: triangle mesh adaptive: Complete
03/24/2025 10:21:09: Ready
03/24/2025 10:21:09: Surface Mesh End
03/24/2025 10:21:09: Processing sets.
03/24/2025 10:21:09: Ready
03/24/2025 10:21:09: Processing sets.
03/24/2025 10:21:09: Ready
03/24/2025 10:21:09: No change. Total selected 0
03/24/2025 10:21:09: Processing elements.
03/24/2025 10:21:09: Ready
03/24/2025 10:21:09: 112826 elements added. Total selected 112826
03/24/2025 10:21:09: Processing elements.
03/24/2025 10:21:09: Ready
03/24/2025 10:21:09: Model checking started ...
03/24/2025 10:21:09: processing: 100 percent left...
03/24/2025 10:21:09: Checking shell intersection/proximity/sharp_angle/duplicate.
03/24/2025 10:21:09: The mesh is OK for tetramesh.
03/24/2025 10:21:09: 112826 elems: x=0 pairs, prx=0 @ 2e-06, angle=0 @ 0.5, dups=0 on 0
03/24/2025 10:21:09: Surface Mesh Validated
03/24/2025 10:21:09: Volume Mesh Begin
03/24/2025 10:21:09: Ready
03/24/2025 10:21:09: Processing regions.
03/24/2025 10:21:09: Ready
03/24/2025 10:21:09: 52 regions added. Total selected 52
03/24/2025 10:21:09: Ready
03/24/2025 10:21:09: Processing meshcontrols.
03/24/2025 10:21:09: Ready
03/24/2025 10:21:09: 2 meshcontrols added. Total selected 2
03/24/2025 10:21:09: Processing meshcontrols.
03/24/2025 10:21:09: Ready
03/24/2025 10:21:09: 1 meshcontrol added. Total selected 3
03/24/2025 10:21:09: Processing meshcontrols.
03/24/2025 10:21:09: Ready
03/24/2025 10:21:09: 1 meshcontrol added. Total selected 1
03/24/2025 10:21:09: Ready
03/24/2025 10:21:09: Processing meshcontrols.
03/24/2025 10:21:09: Ready
03/24/2025 10:21:09: 1 meshcontrol added. Total selected 1
03/24/2025 10:21:09: Processing meshcontrols.
03/24/2025 10:21:09: Ready
03/24/2025 10:21:09: 1 meshcontrol added. Total selected 4
03/24/2025 10:21:09: Ready
03/24/2025 10:21:09: MC warning: No seeds for fluid volumes selected, all are solids.
03/24/2025 10:21:09: Warning: 3 mesh ctrls in effect, 1 ignored for no-selection or ill-defined.(activeOnly=0).
03/24/2025 10:21:09: Meshing started ...
03/24/2025 10:21:09: processing: 100 percent left...
03/24/2025 10:21:09: Mesh saved to 'C:\Users\child\AppData\Local\Temp/gfx_files_primaryModel_0_33320/cfd_mesh.hmg' in the work dir.
03/24/2025 10:21:09: global input not found.
03/24/2025 10:21:09: Volume Mesh Failed
